--- Starting Training: GRU_DDQN 20251205_220227 ---
--- Hyperparameters ---
device: cuda
seed: 42
keep_top_n: 1000
min_ratings: 5
val_ratio: 0.2
data_rel_path: data/ml-latest-small
model_base: models/dqn_movielens.pt
model_finetuned: models/dqn_movielens_finetuned.pt
plot_summary: reports/figures/training_summary.png
model_arch: GRU
use_double_q: True
history_window: 10
hidden_dim: 256
dropout_rate: 0.2
buffer_size: 100000
batch_size: 512
learning_rate: 0.0001
gamma: 0.9
target_update: 2000
base_n_updates: 10000
weight_decay: 1e-05
repeat_penalty: 1
popularity_penalty: 0.2
ft_n_steps: 2000
ft_batch_size: 32
ft_lr: 1e-05
ft_weight_decay: 1e-05
margin: 0.5
neg_per_pos: 5
use_candidates: True
candidate_k: 200
frac_candidate: 0.5
---- Architecture: GRU | Algorithm: DDQN ------
Total unique movies with ratings before filtering: 9724
Filtered to top 1000 movies. Remaining Ratings: 61256
Filtered users with < 5 ratings. Ratings dropped: 3
[RecoEnv] state_dim=20, n_actions=1000, repeat_penalty=1, popularity_penalty=0.2  
Mode=GRU 
train_transitions=96990, val_transitions=24252
[RecoEnv] reward(train): min=-1.426, max=0.997, mean=-0.118
Sample train rewards: [ 0.8776923  -0.5         0.4823077  -0.5         0.97692305 -0.5
  0.4076923  -0.5         0.90076923 -0.5         0.47230768 -0.5
  0.47153845 -0.5         0.8676923  -0.5         0.43384615 -0.5
  0.44846153 -0.5       ]
GRU_DQN(
  (gru): GRU(20, 256, batch_first=True)
  (fc1): Linear(in_features=256, out_features=256, bias=True)
  (dropout): Dropout(p=0.2, inplace=False)
  (fc_q): Linear(in_features=256, out_features=1000, bias=True)
)
[Agent] Preloaded 96990 transitions into replay buffer.
Loading Train/Validation Data...
--- Loading Data (Top 1000 movies, Min 5 ratings) ---
Total unique movies with ratings before filtering: 9724
Filtered to top 1000 movies. Remaining Ratings: 61256
Filtered users with < 5 ratings. Ratings dropped: 3
Starting training for 10000 steps...
Step  200 | Loss: 0.1313 | NDCG@10: 0.1805 | Avg Q: -0.103 | Reward: 0.826
--- Best Model Saved!
Step  400 | Loss: 0.1270 | NDCG@10: 0.1654 | Avg Q: -0.164 | Reward: 0.761
Step  600 | Loss: 0.1250 | NDCG@10: 0.1632 | Avg Q: -0.168 | Reward: 0.957
Step  800 | Loss: 0.1233 | NDCG@10: 0.1388 | Avg Q: -0.165 | Reward: 0.750
Step 1000 | Loss: 0.1220 | NDCG@10: 0.1447 | Avg Q: -0.174 | Reward: 0.641
Step 1200 | Loss: 0.1208 | NDCG@10: 0.1575 | Avg Q: -0.173 | Reward: 0.728
Step 1400 | Loss: 0.1196 | NDCG@10: 0.1683 | Avg Q: -0.186 | Reward: 0.880
Step 1600 | Loss: 0.1187 | NDCG@10: 0.1760 | Avg Q: -0.184 | Reward: 0.815
Step 1800 | Loss: 0.1178 | NDCG@10: 0.1983 | Avg Q: -0.182 | Reward: 0.804
--- Best Model Saved!
Step 2000 | Loss: 0.1169 | NDCG@10: 0.2023 | Avg Q: -0.192 | Reward: 0.837
--- Best Model Saved!
Step 2200 | Loss: 0.1181 | NDCG@10: 0.2076 | Avg Q: 0.064 | Reward: 0.978
--- Best Model Saved!
Step 2400 | Loss: 0.1176 | NDCG@10: 0.2180 | Avg Q: 0.104 | Reward: 0.946
--- Best Model Saved!
Step 2600 | Loss: 0.1170 | NDCG@10: 0.1987 | Avg Q: 0.096 | Reward: 0.761
Step 2800 | Loss: 0.1163 | NDCG@10: 0.2240 | Avg Q: 0.112 | Reward: 0.924
--- Best Model Saved!
Step 3000 | Loss: 0.1157 | NDCG@10: 0.2153 | Avg Q: 0.101 | Reward: 0.772
Step 3200 | Loss: 0.1152 | NDCG@10: 0.2159 | Avg Q: 0.100 | Reward: 0.902
Step 3400 | Loss: 0.1146 | NDCG@10: 0.2171 | Avg Q: 0.095 | Reward: 0.848
Step 3600 | Loss: 0.1141 | NDCG@10: 0.2182 | Avg Q: 0.107 | Reward: 0.837
Step 3800 | Loss: 0.1135 | NDCG@10: 0.2155 | Avg Q: 0.105 | Reward: 0.989
Step 4000 | Loss: 0.1130 | NDCG@10: 0.2220 | Avg Q: 0.102 | Reward: 0.772
Step 4200 | Loss: 0.1131 | NDCG@10: 0.1923 | Avg Q: 0.428 | Reward: 0.793
Step 4400 | Loss: 0.1128 | NDCG@10: 0.2444 | Avg Q: 0.449 | Reward: 0.924
--- Best Model Saved!
Step 4600 | Loss: 0.1125 | NDCG@10: 0.2197 | Avg Q: 0.445 | Reward: 0.870
Step 4800 | Loss: 0.1122 | NDCG@10: 0.2061 | Avg Q: 0.463 | Reward: 0.826
Step 5000 | Loss: 0.1119 | NDCG@10: 0.2078 | Avg Q: 0.440 | Reward: 0.815
Step 5200 | Loss: 0.1115 | NDCG@10: 0.2305 | Avg Q: 0.450 | Reward: 1.022
Step 5400 | Loss: 0.1112 | NDCG@10: 0.2334 | Avg Q: 0.441 | Reward: 0.891
Step 5600 | Loss: 0.1109 | NDCG@10: 0.2194 | Avg Q: 0.449 | Reward: 0.924
Step 5800 | Loss: 0.1105 | NDCG@10: 0.2338 | Avg Q: 0.455 | Reward: 1.000
Step 6000 | Loss: 0.1101 | NDCG@10: 0.2142 | Avg Q: 0.441 | Reward: 0.946
Step 6200 | Loss: 0.1103 | NDCG@10: 0.2038 | Avg Q: 0.869 | Reward: 0.848
Step 6400 | Loss: 0.1103 | NDCG@10: 0.2067 | Avg Q: 0.857 | Reward: 0.859
Step 6600 | Loss: 0.1102 | NDCG@10: 0.2109 | Avg Q: 0.854 | Reward: 0.902
Step 6800 | Loss: 0.1101 | NDCG@10: 0.2114 | Avg Q: 0.842 | Reward: 0.870
Step 7000 | Loss: 0.1099 | NDCG@10: 0.2138 | Avg Q: 0.851 | Reward: 0.913
Step 7200 | Loss: 0.1098 | NDCG@10: 0.2036 | Avg Q: 0.858 | Reward: 0.870
Step 7400 | Loss: 0.1096 | NDCG@10: 0.2313 | Avg Q: 0.849 | Reward: 0.957
Step 7600 | Loss: 0.1094 | NDCG@10: 0.2179 | Avg Q: 0.856 | Reward: 0.815
Step 7800 | Loss: 0.1092 | NDCG@10: 0.1955 | Avg Q: 0.847 | Reward: 0.902
Step 8000 | Loss: 0.1090 | NDCG@10: 0.2016 | Avg Q: 0.831 | Reward: 0.848
Step 8200 | Loss: 0.1092 | NDCG@10: 0.1962 | Avg Q: 1.246 | Reward: 0.804
Step 8400 | Loss: 0.1093 | NDCG@10: 0.1945 | Avg Q: 1.257 | Reward: 0.826
Step 8600 | Loss: 0.1093 | NDCG@10: 0.1892 | Avg Q: 1.280 | Reward: 0.815
Step 8800 | Loss: 0.1093 | NDCG@10: 0.1923 | Avg Q: 1.262 | Reward: 0.728
Step 9000 | Loss: 0.1092 | NDCG@10: 0.1979 | Avg Q: 1.286 | Reward: 0.750
Step 9200 | Loss: 0.1091 | NDCG@10: 0.2145 | Avg Q: 1.279 | Reward: 0.783
Step 9400 | Loss: 0.1091 | NDCG@10: 0.2027 | Avg Q: 1.269 | Reward: 0.793
Step 9600 | Loss: 0.1090 | NDCG@10: 0.1939 | Avg Q: 1.278 | Reward: 0.685
Step 9800 | Loss: 0.1089 | NDCG@10: 0.2032 | Avg Q: 1.265 | Reward: 0.772
Step 10000 | Loss: 0.1088 | NDCG@10: 0.2027 | Avg Q: 1.277 | Reward: 0.815
Training Complete!
 > Model saved to: D:\Git\1508RL\ECE1508RL_project\models\GRU_DDQN_20251205_220227.pt
 > Plot saved to:  D:\Git\1508RL\ECE1508RL_project\reports\figures\GRU_DDQN_20251205_220227.png
 > Log saved to:   D:\Git\1508RL\ECE1508RL_project\reports\training_log_20251205_220227.log
