--- Starting Training: MLP_DQN 20251201_182516 ---
--- Hyperparameters ---
device: cuda
seed: 42
keep_top_n: 1000
min_ratings: 5
val_ratio: 0.2
data_rel_path: data/ml-latest-small
model_base: models/dqn_movielens.pt
model_finetuned: models/dqn_movielens_finetuned.pt
plot_summary: reports/figures/training_summary.png
model_arch: MLP
use_double_q: False
history_window: 10
hidden_dim: 256
dropout_rate: 0.2
buffer_size: 100000
batch_size: 512
learning_rate: 0.0001
gamma: 0.7
target_update: 500
base_n_updates: 10000
log_interval: 500
weight_decay: 1e-05
repeat_penalty: 1
popularity_penalty: 0.2
ft_n_steps: 2000
ft_batch_size: 32
ft_lr: 1e-05
ft_weight_decay: 1e-05
margin: 0.5
neg_per_pos: 5
use_candidates: True
candidate_k: 200
frac_candidate: 0.5
---- Architecture: MLP | Algorithm: DQN ------
Total unique movies with ratings before filtering: 9724
Filtered to top 1000 movies. Remaining Ratings: 61256
Filtered users with < 5 ratings. Ratings dropped: 3
[RecoEnv] state_dim=200, n_actions=1000, repeat_penalty=1, popularity_penalty=0.2  
Mode=Flattened 
train_transitions=96990, val_transitions=24252
[RecoEnv] reward(train): min=-1.426, max=0.997, mean=-0.118
Sample train rewards: [ 0.8776923  -0.5         0.4823077  -0.5         0.97692305 -0.5
  0.4076923  -0.5         0.90076923 -0.5         0.47230768 -0.5
  0.47153845 -0.5         0.8676923  -0.5         0.43384615 -0.5
  0.44846153 -0.5       ]
DQN(
  (fc1): Linear(in_features=200, out_features=256, bias=True)
  (fc2): Linear(in_features=256, out_features=128, bias=True)
  (fc3): Linear(in_features=128, out_features=64, bias=True)
  (out): Linear(in_features=64, out_features=1000, bias=True)
  (act): ReLU()
  (dropout): Dropout(p=0.2, inplace=False)
)
[Agent] Preloaded 96990 transitions into replay buffer.
Loading Train/Validation Data...
--- Loading Data (Top 1000 movies, Min 5 ratings) ---
Total unique movies with ratings before filtering: 9724
Filtered to top 1000 movies. Remaining Ratings: 61256
Filtered users with < 5 ratings. Ratings dropped: 3
Starting training for 10000 steps...
Step  200 | Loss: 0.1336 | NDCG@10: 0.0670 | Avg Q: -0.002
--- Best Model Saved!
Step  400 | Loss: 0.1318 | NDCG@10: 0.0937 | Avg Q: -0.014
--- Best Model Saved!
Step  600 | Loss: 0.1308 | NDCG@10: 0.1405 | Avg Q: 0.009
--- Best Model Saved!
Step  800 | Loss: 0.1294 | NDCG@10: 0.1603 | Avg Q: 0.072
--- Best Model Saved!
Step 1000 | Loss: 0.1277 | NDCG@10: 0.1544 | Avg Q: 0.096
Step 1200 | Loss: 0.1272 | NDCG@10: 0.1601 | Avg Q: 0.256
Step 1400 | Loss: 0.1262 | NDCG@10: 0.1976 | Avg Q: 0.280
--- Best Model Saved!
Step 1600 | Loss: 0.1255 | NDCG@10: 0.1831 | Avg Q: 0.413
Step 1800 | Loss: 0.1248 | NDCG@10: 0.1525 | Avg Q: 0.409
Step 2000 | Loss: 0.1243 | NDCG@10: 0.1566 | Avg Q: 0.411
Step 2200 | Loss: 0.1239 | NDCG@10: 0.1714 | Avg Q: 0.520
Step 2400 | Loss: 0.1236 | NDCG@10: 0.1538 | Avg Q: 0.512
Step 2600 | Loss: 0.1233 | NDCG@10: 0.1830 | Avg Q: 0.614
Step 2800 | Loss: 0.1230 | NDCG@10: 0.1809 | Avg Q: 0.609
Step 3000 | Loss: 0.1226 | NDCG@10: 0.1577 | Avg Q: 0.608
Step 3200 | Loss: 0.1224 | NDCG@10: 0.1588 | Avg Q: 0.689
Step 3400 | Loss: 0.1221 | NDCG@10: 0.1721 | Avg Q: 0.701
Step 3600 | Loss: 0.1219 | NDCG@10: 0.1258 | Avg Q: 0.795
Step 3800 | Loss: 0.1218 | NDCG@10: 0.1510 | Avg Q: 0.785
Step 4000 | Loss: 0.1216 | NDCG@10: 0.1773 | Avg Q: 0.798
Step 4200 | Loss: 0.1215 | NDCG@10: 0.1329 | Avg Q: 0.874
Step 4400 | Loss: 0.1213 | NDCG@10: 0.1717 | Avg Q: 0.895
Step 4600 | Loss: 0.1212 | NDCG@10: 0.1477 | Avg Q: 0.960
Step 4800 | Loss: 0.1210 | NDCG@10: 0.1482 | Avg Q: 0.967
Step 5000 | Loss: 0.1209 | NDCG@10: 0.1308 | Avg Q: 0.952
Step 5200 | Loss: 0.1208 | NDCG@10: 0.1594 | Avg Q: 1.025
Step 5400 | Loss: 0.1206 | NDCG@10: 0.1647 | Avg Q: 1.011
Step 5600 | Loss: 0.1205 | NDCG@10: 0.1527 | Avg Q: 1.088
Step 5800 | Loss: 0.1204 | NDCG@10: 0.1383 | Avg Q: 1.088
Step 6000 | Loss: 0.1202 | NDCG@10: 0.1521 | Avg Q: 1.122
Step 6200 | Loss: 0.1202 | NDCG@10: 0.1411 | Avg Q: 1.125
Step 6400 | Loss: 0.1200 | NDCG@10: 0.1361 | Avg Q: 1.125
Step 6600 | Loss: 0.1199 | NDCG@10: 0.1327 | Avg Q: 1.148
Step 6800 | Loss: 0.1197 | NDCG@10: 0.1654 | Avg Q: 1.120
Step 7000 | Loss: 0.1195 | NDCG@10: 0.1415 | Avg Q: 1.140
Step 7200 | Loss: 0.1194 | NDCG@10: 0.1392 | Avg Q: 1.170
Step 7400 | Loss: 0.1193 | NDCG@10: 0.1644 | Avg Q: 1.161
Step 7600 | Loss: 0.1191 | NDCG@10: 0.1624 | Avg Q: 1.163
Step 7800 | Loss: 0.1190 | NDCG@10: 0.1656 | Avg Q: 1.175
Step 8000 | Loss: 0.1188 | NDCG@10: 0.1676 | Avg Q: 1.171
Step 8200 | Loss: 0.1187 | NDCG@10: 0.1644 | Avg Q: 1.172
Step 8400 | Loss: 0.1185 | NDCG@10: 0.1944 | Avg Q: 1.173
Step 8600 | Loss: 0.1184 | NDCG@10: 0.1885 | Avg Q: 1.167
Step 8800 | Loss: 0.1182 | NDCG@10: 0.1744 | Avg Q: 1.145
Step 9000 | Loss: 0.1180 | NDCG@10: 0.1976 | Avg Q: 1.164
--- Best Model Saved!
Step 9200 | Loss: 0.1178 | NDCG@10: 0.2002 | Avg Q: 1.178
--- Best Model Saved!
Step 9400 | Loss: 0.1177 | NDCG@10: 0.1992 | Avg Q: 1.167
Step 9600 | Loss: 0.1175 | NDCG@10: 0.1825 | Avg Q: 1.126
Step 9800 | Loss: 0.1174 | NDCG@10: 0.1934 | Avg Q: 1.144
Step 10000 | Loss: 0.1172 | NDCG@10: 0.1911 | Avg Q: 1.151
Training Complete!
 > Model saved to: D:\Git\1508RL\ECE1508RL_project\models\MLP_DQN_20251201_182516.pt
 > Plot saved to:  D:\Git\1508RL\ECE1508RL_project\reports\figures\MLP_DQN_20251201_182516.png
 > Log saved to:   D:\Git\1508RL\ECE1508RL_project\reports\training_log_20251201_182516.log
